Using pre-set license
Built from '2020.3/staging' branch; Version is '2020.3.20f1 (41c4e627c95f) revision 4310246'; Using compiler version '192528614'; Build Type 'Release'
OS: 'Windows 10 Home; OS build 19043.1645; Version 2009; 64bit' Language: 'en' Physical Memory: 32717 MB
BatchMode: 1, IsHumanControllingUs: 0, StartBugReporterOnCrash: 0, Is64bit: 1, IsPro: 0

COMMAND LINE ARGUMENTS:
C:\Program Files\Unity\Hub\Editor\2020.3.20f1\Editor\Unity.exe
-adb2
-batchMode
-noUpm
-name
AssetImportWorker0
-projectPath
E:/Desktop/Fall 2021/410/TheGraey/TheGaey/THEGRAEY
-logFile
Logs/AssetImportWorker0.log
-srvPort
63109
Successfully changed project path to: E:/Desktop/Fall 2021/410/TheGraey/TheGaey/THEGRAEY
E:/Desktop/Fall 2021/410/TheGraey/TheGaey/THEGRAEY
Using Asset Import Pipeline V2.
Refreshing native plugins compatible for Editor in 48.67 ms, found 2 plugins.
Preloading 0 native plugins for Editor in 0.00 ms.
Initialize engine version: 2020.3.20f1 (41c4e627c95f)
[Subsystems] Discovering subsystems at path C:/Program Files/Unity/Hub/Editor/2020.3.20f1/Editor/Data/Resources/UnitySubsystems
[Subsystems] Discovering subsystems at path E:/Desktop/Fall 2021/410/TheGraey/TheGaey/THEGRAEY/Assets
GfxDevice: creating device client; threaded=0
Direct3D:
    Version:  Direct3D 11.0 [level 11.1]
    Renderer: NVIDIA GeForce GTX 1660 SUPER (ID=0x21c4)
    Vendor:   
    VRAM:     5991 MB
    Driver:   27.21.14.6647
Initialize mono
Mono path[0] = 'C:/Program Files/Unity/Hub/Editor/2020.3.20f1/Editor/Data/Managed'
Mono path[1] = 'C:/Program Files/Unity/Hub/Editor/2020.3.20f1/Editor/Data/MonoBleedingEdge/lib/mono/unityjit'
Mono config path = 'C:/Program Files/Unity/Hub/Editor/2020.3.20f1/Editor/Data/MonoBleedingEdge/etc'
Using monoOptions --debugger-agent=transport=dt_socket,embedding=1,server=y,suspend=n,address=127.0.0.1:56820
Begin MonoManager ReloadAssembly
Registering precompiled unity dll's ...
Register platform support module: C:/Program Files/Unity/Hub/Editor/2020.3.20f1/Editor/Data/PlaybackEngines/WebGLSupport/UnityEditor.WebGL.Extensions.dll
Register platform support module: C:/Program Files/Unity/Hub/Editor/2020.3.20f1/Editor/Data/PlaybackEngines/MacStandaloneSupport/UnityEditor.OSXStandalone.Extensions.dll
Register platform support module: C:/Program Files/Unity/Hub/Editor/2020.3.20f1/Editor/Data/PlaybackEngines/WindowsStandaloneSupport/UnityEditor.WindowsStandalone.Extensions.dll
Registered in 0.002456 seconds.
Native extension for WindowsStandalone target not found
Native extension for OSXStandalone target not found
Native extension for WebGL target not found
Refreshing native plugins compatible for Editor in 60.48 ms, found 2 plugins.
Preloading 0 native plugins for Editor in 0.00 ms.
Mono: successfully reloaded assembly
- Completed reload, in  1.669 seconds
Domain Reload Profiling:
	ReloadAssembly (1669ms)
		BeginReloadAssembly (41ms)
			ExecutionOrderSort (0ms)
			DisableScriptedObjects (0ms)
			BackupInstance (0ms)
			ReleaseScriptingObjects (0ms)
			CreateAndSetChildDomain (1ms)
		EndReloadAssembly (365ms)
			LoadAssemblies (39ms)
			RebuildTransferFunctionScriptingTraits (0ms)
			SetupTypeCache (120ms)
			ReleaseScriptCaches (0ms)
			RebuildScriptCaches (22ms)
			SetupLoadedEditorAssemblies (170ms)
				LogAssemblyErrors (0ms)
				InitializePlatformSupportModulesInManaged (5ms)
				SetLoadedEditorAssemblies (0ms)
				RefreshPlugins (61ms)
				BeforeProcessingInitializeOnLoad (15ms)
				ProcessInitializeOnLoadAttributes (69ms)
				ProcessInitializeOnLoadMethodAttributes (20ms)
				AfterProcessingInitializeOnLoad (0ms)
				EditorAssembliesLoaded (0ms)
			ExecutionOrderSort2 (0ms)
			AwakeInstancesAfterBackupRestoration (0ms)
Platform modules already initialized, skipping
Registering precompiled user dll's ...
Registered in 0.001702 seconds.
Begin MonoManager ReloadAssembly
Native extension for WindowsStandalone target not found
Native extension for OSXStandalone target not found
Native extension for WebGL target not found
Refreshing native plugins compatible for Editor in 0.68 ms, found 2 plugins.
Preloading 0 native plugins for Editor in 0.00 ms.
Mono: successfully reloaded assembly
- Completed reload, in  0.814 seconds
Domain Reload Profiling:
	ReloadAssembly (815ms)
		BeginReloadAssembly (115ms)
			ExecutionOrderSort (0ms)
			DisableScriptedObjects (3ms)
			BackupInstance (0ms)
			ReleaseScriptingObjects (0ms)
			CreateAndSetChildDomain (16ms)
		EndReloadAssembly (648ms)
			LoadAssemblies (67ms)
			RebuildTransferFunctionScriptingTraits (0ms)
			SetupTypeCache (225ms)
			ReleaseScriptCaches (0ms)
			RebuildScriptCaches (34ms)
			SetupLoadedEditorAssemblies (249ms)
				LogAssemblyErrors (0ms)
				InitializePlatformSupportModulesInManaged (6ms)
				SetLoadedEditorAssemblies (0ms)
				RefreshPlugins (1ms)
				BeforeProcessingInitializeOnLoad (68ms)
				ProcessInitializeOnLoadAttributes (166ms)
				ProcessInitializeOnLoadMethodAttributes (3ms)
				AfterProcessingInitializeOnLoad (6ms)
				EditorAssembliesLoaded (0ms)
			ExecutionOrderSort2 (0ms)
			AwakeInstancesAfterBackupRestoration (5ms)
Platform modules already initialized, skipping
========================================================================
Worker process is ready to serve import requests
Launched and connected shader compiler UnityShaderCompiler.exe after 0.04 seconds
Refreshing native plugins compatible for Editor in 0.62 ms, found 2 plugins.
Preloading 0 native plugins for Editor in 0.00 ms.
Unloading 1887 Unused Serialized files (Serialized files now loaded: 0)
System memory in use before: 96.7 MB.
System memory in use after: 96.8 MB.

Unloading 16 unused Assets to reduce memory usage. Loaded Objects now: 2337.
Total: 2.768200 ms (FindLiveObjects: 0.217300 ms CreateObjectMapping: 0.042600 ms MarkObjects: 2.402800 ms  DeleteObjects: 0.104700 ms)

AssetImportParameters requested are different than current active one (requested -> active):
  custom:framework-win-MediaFoundation: 216162199b28c13a410421893ffa2e32 -> 
  custom:video-decoder-ogg-theora: a1e56fd34408186e4bbccfd4996cb3dc -> 
  custom:container-muxer-webm: aa71ff27fc2769a1b78a27578f13a17b -> 
  custom:container-demuxer-webm: 4f35f7cbe854078d1ac9338744f61a02 -> 
  custom:container-demuxer-ogg: 62fdf1f143b41e24485cea50d1cbac27 -> 
  custom:video-encoder-webm-vp8: eb34c28f22e8b96e1ab97ce403110664 -> 
  custom:video-decoder-webm-vp8: 9c59270c3fd7afecdb556c50c9e8de78 -> 
  custom:audio-decoder-ogg-vorbis: bf7c407c2cedff20999df2af8eb42d56 -> 
  custom:audio-encoder-webm-vorbis: bf7c407c2cedff20999df2af8eb42d56 -> 
========================================================================
Received Import Request.
  path: Assets/UI Elements/MapToggle.renderTexture
  artifactKey: Guid(b72e810f42806e841b7f3747e5cfbd9c) Importer(815301076,1909f56bfc062723c751e8b465ee728b)
Start importing Assets/UI Elements/MapToggle.renderTexture using Guid(b72e810f42806e841b7f3747e5cfbd9c) Importer(815301076,1909f56bfc062723c751e8b465ee728b)  -> (artifact id: '97ed00380b7ecc9346e3bbdb3f9f16a9') in 0.079435 seconds 
  Import took 0.082275 seconds .

========================================================================
Received Import Request.
  Time since last request: 0.000200 seconds.
  path: Assets/UI Elements/EventSystem.prefab
  artifactKey: Guid(1f17e13ebe1cb2048bcda3552570a717) Importer(815301076,1909f56bfc062723c751e8b465ee728b)
Start importing Assets/UI Elements/EventSystem.prefab using Guid(1f17e13ebe1cb2048bcda3552570a717) Importer(815301076,1909f56bfc062723c751e8b465ee728b)  -> (artifact id: 'd37f1c45cd342e068f2eacf7677ddb25') in 0.017261 seconds 
  Import took 0.023286 seconds .

========================================================================
Received Prepare
Registering precompiled user dll's ...
Registered in 0.002193 seconds.
Begin MonoManager ReloadAssembly
Native extension for WindowsStandalone target not found
Native extension for OSXStandalone target not found
Native extension for WebGL target not found
Refreshing native plugins compatible for Editor in 0.69 ms, found 2 plugins.
Preloading 0 native plugins for Editor in 0.00 ms.
Mono: successfully reloaded assembly
- Completed reload, in  0.869 seconds
Domain Reload Profiling:
	ReloadAssembly (870ms)
		BeginReloadAssembly (114ms)
			ExecutionOrderSort (0ms)
			DisableScriptedObjects (3ms)
			BackupInstance (0ms)
			ReleaseScriptingObjects (0ms)
			CreateAndSetChildDomain (34ms)
		EndReloadAssembly (699ms)
			LoadAssemblies (75ms)
			RebuildTransferFunctionScriptingTraits (0ms)
			SetupTypeCache (237ms)
			ReleaseScriptCaches (2ms)
			RebuildScriptCaches (45ms)
			SetupLoadedEditorAssemblies (248ms)
				LogAssemblyErrors (0ms)
				InitializePlatformSupportModulesInManaged (6ms)
				SetLoadedEditorAssemblies (0ms)
				RefreshPlugins (1ms)
				BeforeProcessingInitializeOnLoad (71ms)
				ProcessInitializeOnLoadAttributes (162ms)
				ProcessInitializeOnLoadMethodAttributes (2ms)
				AfterProcessingInitializeOnLoad (6ms)
				EditorAssembliesLoaded (0ms)
			ExecutionOrderSort2 (0ms)
			AwakeInstancesAfterBackupRestoration (5ms)
Platform modules already initialized, skipping
Refreshing native plugins compatible for Editor in 0.68 ms, found 2 plugins.
Preloading 0 native plugins for Editor in 0.00 ms.
Unloading 1853 Unused Serialized files (Serialized files now loaded: 0)
System memory in use before: 96.8 MB.
System memory in use after: 96.9 MB.

Unloading 11 unused Assets to reduce memory usage. Loaded Objects now: 2344.
Total: 2.892200 ms (FindLiveObjects: 0.218400 ms CreateObjectMapping: 0.045200 ms MarkObjects: 2.612700 ms  DeleteObjects: 0.014600 ms)

AssetImportParameters requested are different than current active one (requested -> active):
  custom:framework-win-MediaFoundation: 216162199b28c13a410421893ffa2e32 -> 
  custom:video-decoder-ogg-theora: a1e56fd34408186e4bbccfd4996cb3dc -> 
  custom:container-muxer-webm: aa71ff27fc2769a1b78a27578f13a17b -> 
  custom:container-demuxer-webm: 4f35f7cbe854078d1ac9338744f61a02 -> 
  custom:container-demuxer-ogg: 62fdf1f143b41e24485cea50d1cbac27 -> 
  custom:video-encoder-webm-vp8: eb34c28f22e8b96e1ab97ce403110664 -> 
  custom:video-decoder-webm-vp8: 9c59270c3fd7afecdb556c50c9e8de78 -> 
  custom:audio-decoder-ogg-vorbis: bf7c407c2cedff20999df2af8eb42d56 -> 
  custom:audio-encoder-webm-vorbis: bf7c407c2cedff20999df2af8eb42d56 -> 
========================================================================
Received Import Request.
  Time since last request: 3312.684757 seconds.
  path: Assets/UI Elements/Layer-box.png
  artifactKey: Guid(46e7faac75da44740ad72abca12c2d40) Importer(815301076,1909f56bfc062723c751e8b465ee728b)
Start importing Assets/UI Elements/Layer-box.png using Guid(46e7faac75da44740ad72abca12c2d40) Importer(815301076,1909f56bfc062723c751e8b465ee728b)  -> (artifact id: 'cd7f44b85c73b5476485f4296209455b') in 0.064165 seconds 
  Import took 0.067743 seconds .

========================================================================
Received Import Request.
  Time since last request: 0.000223 seconds.
  path: Assets/UI Elements/Layer_45.png
  artifactKey: Guid(9949adb5ea56d3449a47df0ea1616fcd) Importer(815301076,1909f56bfc062723c751e8b465ee728b)
Start importing Assets/UI Elements/Layer_45.png using Guid(9949adb5ea56d3449a47df0ea1616fcd) Importer(815301076,1909f56bfc062723c751e8b465ee728b)  -> (artifact id: '002ea8a4105c42e83f6ecedb72f31fa1') in 0.010367 seconds 
  Import took 0.012938 seconds .

========================================================================
Received Import Request.
  Time since last request: 0.000179 seconds.
  path: Assets/UI Elements/Layer_46.png
  artifactKey: Guid(f559905995b4ab445af8270a6c5afac8) Importer(815301076,1909f56bfc062723c751e8b465ee728b)
Start importing Assets/UI Elements/Layer_46.png using Guid(f559905995b4ab445af8270a6c5afac8) Importer(815301076,1909f56bfc062723c751e8b465ee728b)  -> (artifact id: '0483f4d952b6c56924e3ad1efed4bbf4') in 0.009254 seconds 
  Import took 0.012167 seconds .

========================================================================
Received Import Request.
  Time since last request: 210.120686 seconds.
  path: Assets/UI Elements/Layer_45.png
  artifactKey: Guid(9949adb5ea56d3449a47df0ea1616fcd) Importer(815301076,1909f56bfc062723c751e8b465ee728b)
Start importing Assets/UI Elements/Layer_45.png using Guid(9949adb5ea56d3449a47df0ea1616fcd) Importer(815301076,1909f56bfc062723c751e8b465ee728b)  -> (artifact id: 'e6432be009511f67d097740c44c6a1d4') in 0.026205 seconds 
  Import took 0.029629 seconds .

========================================================================
Received Import Request.
  Time since last request: 24.713346 seconds.
  path: Assets/UI Elements/Layer_46.png
  artifactKey: Guid(f559905995b4ab445af8270a6c5afac8) Importer(815301076,1909f56bfc062723c751e8b465ee728b)
Start importing Assets/UI Elements/Layer_46.png using Guid(f559905995b4ab445af8270a6c5afac8) Importer(815301076,1909f56bfc062723c751e8b465ee728b)  -> (artifact id: 'da36bbcea67dadcd1e095aab335dbd3b') in 0.012269 seconds 
  Import took 0.015383 seconds .

========================================================================
Received Import Request.
  Time since last request: 20.083565 seconds.
  path: Assets/UI Elements/Layer-box.png
  artifactKey: Guid(46e7faac75da44740ad72abca12c2d40) Importer(815301076,1909f56bfc062723c751e8b465ee728b)
Start importing Assets/UI Elements/Layer-box.png using Guid(46e7faac75da44740ad72abca12c2d40) Importer(815301076,1909f56bfc062723c751e8b465ee728b)  -> (artifact id: 'd3254878248f76da7f1835b4634b2b46') in 0.009287 seconds 
  Import took 0.012487 seconds .

========================================================================
Received Import Request.
  Time since last request: 2.605476 seconds.
  path: Assets/UI Elements/Layer-box.png
  artifactKey: Guid(46e7faac75da44740ad72abca12c2d40) Importer(815301076,1909f56bfc062723c751e8b465ee728b)
Start importing Assets/UI Elements/Layer-box.png using Guid(46e7faac75da44740ad72abca12c2d40) Importer(815301076,1909f56bfc062723c751e8b465ee728b)  -> (artifact id: 'e6a54bc1cd771310f7e61cbbe24970d3') in 0.007435 seconds 
  Import took 0.010495 seconds .

========================================================================
Received Import Request.
  Time since last request: 13.402040 seconds.
  path: Assets/UI Elements/Layer_45.png
  artifactKey: Guid(9949adb5ea56d3449a47df0ea1616fcd) Importer(815301076,1909f56bfc062723c751e8b465ee728b)
Start importing Assets/UI Elements/Layer_45.png using Guid(9949adb5ea56d3449a47df0ea1616fcd) Importer(815301076,1909f56bfc062723c751e8b465ee728b)  -> (artifact id: '705f4a34c566ee572b5480e19052b65e') in 0.008001 seconds 
  Import took 0.011175 seconds .

========================================================================
Received Import Request.
  Time since last request: 6.137284 seconds.
  path: Assets/UI Elements/Layer_46.png
  artifactKey: Guid(f559905995b4ab445af8270a6c5afac8) Importer(815301076,1909f56bfc062723c751e8b465ee728b)
Start importing Assets/UI Elements/Layer_46.png using Guid(f559905995b4ab445af8270a6c5afac8) Importer(815301076,1909f56bfc062723c751e8b465ee728b)  -> (artifact id: '832fe7fff43a0297f23787683aed4eaf') in 0.006473 seconds 
  Import took 0.009724 seconds .

========================================================================
Received Import Request.
  Time since last request: 555.779519 seconds.
  path: Assets/UI Elements/CredButt.png
  artifactKey: Guid(46f4cdbd409e9ad44957e7d40a41ee18) Importer(815301076,1909f56bfc062723c751e8b465ee728b)
Start importing Assets/UI Elements/CredButt.png using Guid(46f4cdbd409e9ad44957e7d40a41ee18) Importer(815301076,1909f56bfc062723c751e8b465ee728b)  -> (artifact id: '9e4c30ee55b6676d04d28fa040b68f7e') in 0.009079 seconds 
  Import took 0.012606 seconds .

========================================================================
Received Import Request.
  Time since last request: 0.000182 seconds.
  path: Assets/UI Elements/SetButt.png
  artifactKey: Guid(4f44f867dbacdbb40ab2d5fdd4598993) Importer(815301076,1909f56bfc062723c751e8b465ee728b)
Start importing Assets/UI Elements/SetButt.png using Guid(4f44f867dbacdbb40ab2d5fdd4598993) Importer(815301076,1909f56bfc062723c751e8b465ee728b)  -> (artifact id: '4804490de919e088580e671a8c50cef4') in 0.007513 seconds 
  Import took 0.010519 seconds .

========================================================================
Received Import Request.
  Time since last request: 0.000210 seconds.
  path: Assets/UI Elements/SettButt.png
  artifactKey: Guid(61aba9f1767d7454ab8fdc53c8d53ebe) Importer(815301076,1909f56bfc062723c751e8b465ee728b)
Start importing Assets/UI Elements/SettButt.png using Guid(61aba9f1767d7454ab8fdc53c8d53ebe) Importer(815301076,1909f56bfc062723c751e8b465ee728b)  -> (artifact id: '98867e98a48645d4d8fb17d7a7e7494a') in 0.016931 seconds 
  Import took 0.020325 seconds .

========================================================================
Received Import Request.
  Time since last request: 0.000208 seconds.
  path: Assets/UI Elements/playButt.png
  artifactKey: Guid(a2e406ef7fae4f44d83e05a3012671af) Importer(815301076,1909f56bfc062723c751e8b465ee728b)
Start importing Assets/UI Elements/playButt.png using Guid(a2e406ef7fae4f44d83e05a3012671af) Importer(815301076,1909f56bfc062723c751e8b465ee728b)  -> (artifact id: '6e093e904b813b429929f59d34587455') in 0.012666 seconds 
  Import took 0.015689 seconds .

========================================================================
Received Import Request.
  Time since last request: 0.000218 seconds.
  path: Assets/UI Elements/TittleScreen.png
  artifactKey: Guid(8eb04025dda653148bdb4b86d08838af) Importer(815301076,1909f56bfc062723c751e8b465ee728b)
Start importing Assets/UI Elements/TittleScreen.png using Guid(8eb04025dda653148bdb4b86d08838af) Importer(815301076,1909f56bfc062723c751e8b465ee728b)  -> (artifact id: 'a8ca400328031174d267300fb5aaebe8') in 0.017109 seconds 
  Import took 0.020123 seconds .

========================================================================
Received Import Request.
  Time since last request: 0.000174 seconds.
  path: Assets/UI Elements/GreyLogo.png
  artifactKey: Guid(e96f2654c82df4349bd948b9227dd203) Importer(815301076,1909f56bfc062723c751e8b465ee728b)
Start importing Assets/UI Elements/GreyLogo.png using Guid(e96f2654c82df4349bd948b9227dd203) Importer(815301076,1909f56bfc062723c751e8b465ee728b)  -> (artifact id: 'f65ae9f4da3d03daa8231e1dc11d282b') in 0.009739 seconds 
  Import took 0.012476 seconds .

========================================================================
Received Import Request.
  Time since last request: 21.877897 seconds.
  path: Assets/UI Elements/TittleScreen.png
  artifactKey: Guid(8eb04025dda653148bdb4b86d08838af) Importer(815301076,1909f56bfc062723c751e8b465ee728b)
Start importing Assets/UI Elements/TittleScreen.png using Guid(8eb04025dda653148bdb4b86d08838af) Importer(815301076,1909f56bfc062723c751e8b465ee728b)  -> (artifact id: '7b7e34bf71bc611113d2665f7288f2df') in 0.026989 seconds 
  Import took 0.030025 seconds .

========================================================================
Received Import Request.
  Time since last request: 33.269856 seconds.
  path: Assets/UI Elements/CredButt.png
  artifactKey: Guid(46f4cdbd409e9ad44957e7d40a41ee18) Importer(815301076,1909f56bfc062723c751e8b465ee728b)
Start importing Assets/UI Elements/CredButt.png using Guid(46f4cdbd409e9ad44957e7d40a41ee18) Importer(815301076,1909f56bfc062723c751e8b465ee728b)  -> (artifact id: 'fc395cb81b11fb3b7f6888437114ad11') in 0.009579 seconds 
  Import took 0.012819 seconds .

========================================================================
Received Import Request.
  Time since last request: 0.000182 seconds.
  path: Assets/UI Elements/SetButt.png
  artifactKey: Guid(4f44f867dbacdbb40ab2d5fdd4598993) Importer(815301076,1909f56bfc062723c751e8b465ee728b)
Start importing Assets/UI Elements/SetButt.png using Guid(4f44f867dbacdbb40ab2d5fdd4598993) Importer(815301076,1909f56bfc062723c751e8b465ee728b)  -> (artifact id: '5dba4b0cb8244cc164da50b6a8e874ec') in 0.010878 seconds 
  Import took 0.014169 seconds .

========================================================================
Received Import Request.
  Time since last request: 0.000172 seconds.
  path: Assets/UI Elements/SettButt.png
  artifactKey: Guid(61aba9f1767d7454ab8fdc53c8d53ebe) Importer(815301076,1909f56bfc062723c751e8b465ee728b)
Start importing Assets/UI Elements/SettButt.png using Guid(61aba9f1767d7454ab8fdc53c8d53ebe) Importer(815301076,1909f56bfc062723c751e8b465ee728b)  -> (artifact id: '492203559cac401ada426e3360e95f5e') in 0.011376 seconds 
  Import took 0.014167 seconds .

========================================================================
Received Import Request.
  Time since last request: 0.000223 seconds.
  path: Assets/UI Elements/playButt.png
  artifactKey: Guid(a2e406ef7fae4f44d83e05a3012671af) Importer(815301076,1909f56bfc062723c751e8b465ee728b)
Start importing Assets/UI Elements/playButt.png using Guid(a2e406ef7fae4f44d83e05a3012671af) Importer(815301076,1909f56bfc062723c751e8b465ee728b)  -> (artifact id: '966e59ea3df2f905cfc82bd5e7ac1fb7') in 0.010783 seconds 
  Import took 0.013832 seconds .

========================================================================
Received Import Request.
  Time since last request: 0.000168 seconds.
  path: Assets/UI Elements/GreyLogo.png
  artifactKey: Guid(e96f2654c82df4349bd948b9227dd203) Importer(815301076,1909f56bfc062723c751e8b465ee728b)
Start importing Assets/UI Elements/GreyLogo.png using Guid(e96f2654c82df4349bd948b9227dd203) Importer(815301076,1909f56bfc062723c751e8b465ee728b)  -> (artifact id: 'c087ef399f9371f499181a87032a3b16') in 0.013074 seconds 
  Import took 0.015718 seconds .

========================================================================
Received Import Request.
  Time since last request: 331.973227 seconds.
  path: Assets/UI Elements/TittleScreen.png
  artifactKey: Guid(8eb04025dda653148bdb4b86d08838af) Importer(815301076,1909f56bfc062723c751e8b465ee728b)
Start importing Assets/UI Elements/TittleScreen.png using Guid(8eb04025dda653148bdb4b86d08838af) Importer(815301076,1909f56bfc062723c751e8b465ee728b)  -> (artifact id: 'dc582e6a0e9ed43f2ce06620b627544d') in 0.015126 seconds 
  Import took 0.018589 seconds .

========================================================================
Received Import Request.
  Time since last request: 4.379525 seconds.
  path: Assets/UI Elements/TittleScreen.png
  artifactKey: Guid(8eb04025dda653148bdb4b86d08838af) Importer(815301076,1909f56bfc062723c751e8b465ee728b)
Start importing Assets/UI Elements/TittleScreen.png using Guid(8eb04025dda653148bdb4b86d08838af) Importer(815301076,1909f56bfc062723c751e8b465ee728b)  -> (artifact id: '21db69410a731c7d08d8a4f5b15ba969') in 0.031479 seconds 
  Import took 0.034753 seconds .

========================================================================
Received Import Request.
  Time since last request: 3.439816 seconds.
  path: Assets/UI Elements/TittleScreen.png
  artifactKey: Guid(8eb04025dda653148bdb4b86d08838af) Importer(815301076,1909f56bfc062723c751e8b465ee728b)
Start importing Assets/UI Elements/TittleScreen.png using Guid(8eb04025dda653148bdb4b86d08838af) Importer(815301076,1909f56bfc062723c751e8b465ee728b)  -> (artifact id: 'ec563ead4b2e9014107e16ee37c90aed') in 0.012857 seconds 
  Import took 0.016205 seconds .

========================================================================
Received Import Request.
  Time since last request: 912.162752 seconds.
  path: Assets/Scenes/Credit scene.unity
  artifactKey: Guid(8da42e06502520442956a41c25f3041c) Importer(815301076,1909f56bfc062723c751e8b465ee728b)
Start importing Assets/Scenes/Credit scene.unity using Guid(8da42e06502520442956a41c25f3041c) Importer(815301076,1909f56bfc062723c751e8b465ee728b)  -> (artifact id: 'ed0d2c58179cec04db7ff62410c672b3') in 0.019238 seconds 
  Import took 0.022767 seconds .

AssetImportWorkerClient::OnTransportError - code=2 error=End of file
