Using pre-set license
Built from '2020.3/staging' branch; Version is '2020.3.20f1 (41c4e627c95f) revision 4310246'; Using compiler version '192528614'; Build Type 'Release'
OS: 'Windows 10 Home; OS build 22000.613; Version 2009; 64bit' Language: 'en' Physical Memory: 8034 MB
BatchMode: 1, IsHumanControllingUs: 0, StartBugReporterOnCrash: 0, Is64bit: 1, IsPro: 0

COMMAND LINE ARGUMENTS:
C:\Program Files\Unity\Hub\Editor\2020.3.20f1\Editor\Unity.exe
-adb2
-batchMode
-noUpm
-name
AssetImportWorker0
-projectPath
C:/Users/deadh/OneDrive/Desktop/TheGrey/TheGaey/THEGRAEY
-logFile
Logs/AssetImportWorker0.log
-srvPort
26882
Successfully changed project path to: C:/Users/deadh/OneDrive/Desktop/TheGrey/TheGaey/THEGRAEY
C:/Users/deadh/OneDrive/Desktop/TheGrey/TheGaey/THEGRAEY
Using Asset Import Pipeline V2.
Refreshing native plugins compatible for Editor in 56.27 ms, found 2 plugins.
Preloading 0 native plugins for Editor in 0.00 ms.
Initialize engine version: 2020.3.20f1 (41c4e627c95f)
[Subsystems] Discovering subsystems at path C:/Program Files/Unity/Hub/Editor/2020.3.20f1/Editor/Data/Resources/UnitySubsystems
[Subsystems] Discovering subsystems at path C:/Users/deadh/OneDrive/Desktop/TheGrey/TheGaey/THEGRAEY/Assets
GfxDevice: creating device client; threaded=0
Direct3D:
    Version:  Direct3D 11.0 [level 11.1]
    Renderer: NVIDIA GeForce GTX 1050 Ti (ID=0x1c8c)
    Vendor:   
    VRAM:     4018 MB
    Driver:   26.21.14.4120
Initialize mono
Mono path[0] = 'C:/Program Files/Unity/Hub/Editor/2020.3.20f1/Editor/Data/Managed'
Mono path[1] = 'C:/Program Files/Unity/Hub/Editor/2020.3.20f1/Editor/Data/MonoBleedingEdge/lib/mono/unityjit'
Mono config path = 'C:/Program Files/Unity/Hub/Editor/2020.3.20f1/Editor/Data/MonoBleedingEdge/etc'
Using monoOptions --debugger-agent=transport=dt_socket,embedding=1,server=y,suspend=n,address=127.0.0.1:56648
Begin MonoManager ReloadAssembly
Registering precompiled unity dll's ...
Register platform support module: C:/Program Files/Unity/Hub/Editor/2020.3.20f1/Editor/Data/PlaybackEngines/WebGLSupport/UnityEditor.WebGL.Extensions.dll
Register platform support module: C:/Program Files/Unity/Hub/Editor/2020.3.20f1/Editor/Data/PlaybackEngines/WindowsStandaloneSupport/UnityEditor.WindowsStandalone.Extensions.dll
Registered in 0.001744 seconds.
Native extension for WindowsStandalone target not found
Native extension for WebGL target not found
Refreshing native plugins compatible for Editor in 56.56 ms, found 2 plugins.
Preloading 0 native plugins for Editor in 0.00 ms.
Mono: successfully reloaded assembly
- Completed reload, in  1.282 seconds
Domain Reload Profiling:
	ReloadAssembly (1282ms)
		BeginReloadAssembly (58ms)
			ExecutionOrderSort (0ms)
			DisableScriptedObjects (0ms)
			BackupInstance (0ms)
			ReleaseScriptingObjects (0ms)
			CreateAndSetChildDomain (1ms)
		EndReloadAssembly (496ms)
			LoadAssemblies (56ms)
			RebuildTransferFunctionScriptingTraits (0ms)
			SetupTypeCache (175ms)
			ReleaseScriptCaches (0ms)
			RebuildScriptCaches (33ms)
			SetupLoadedEditorAssemblies (211ms)
				LogAssemblyErrors (0ms)
				InitializePlatformSupportModulesInManaged (5ms)
				SetLoadedEditorAssemblies (0ms)
				RefreshPlugins (57ms)
				BeforeProcessingInitializeOnLoad (17ms)
				ProcessInitializeOnLoadAttributes (98ms)
				ProcessInitializeOnLoadMethodAttributes (34ms)
				AfterProcessingInitializeOnLoad (0ms)
				EditorAssembliesLoaded (0ms)
			ExecutionOrderSort2 (0ms)
			AwakeInstancesAfterBackupRestoration (0ms)
Platform modules already initialized, skipping
Registering precompiled user dll's ...
Registered in 0.003563 seconds.
Begin MonoManager ReloadAssembly
Native extension for WindowsStandalone target not found
Native extension for WebGL target not found
Refreshing native plugins compatible for Editor in 0.59 ms, found 2 plugins.
Preloading 0 native plugins for Editor in 0.00 ms.
Mono: successfully reloaded assembly
- Completed reload, in  1.111 seconds
Domain Reload Profiling:
	ReloadAssembly (1112ms)
		BeginReloadAssembly (154ms)
			ExecutionOrderSort (0ms)
			DisableScriptedObjects (5ms)
			BackupInstance (0ms)
			ReleaseScriptingObjects (0ms)
			CreateAndSetChildDomain (19ms)
		EndReloadAssembly (895ms)
			LoadAssemblies (92ms)
			RebuildTransferFunctionScriptingTraits (0ms)
			SetupTypeCache (313ms)
			ReleaseScriptCaches (0ms)
			RebuildScriptCaches (50ms)
			SetupLoadedEditorAssemblies (341ms)
				LogAssemblyErrors (0ms)
				InitializePlatformSupportModulesInManaged (6ms)
				SetLoadedEditorAssemblies (0ms)
				RefreshPlugins (1ms)
				BeforeProcessingInitializeOnLoad (87ms)
				ProcessInitializeOnLoadAttributes (237ms)
				ProcessInitializeOnLoadMethodAttributes (4ms)
				AfterProcessingInitializeOnLoad (5ms)
				EditorAssembliesLoaded (0ms)
			ExecutionOrderSort2 (0ms)
			AwakeInstancesAfterBackupRestoration (7ms)
Platform modules already initialized, skipping
========================================================================
Worker process is ready to serve import requests
Launched and connected shader compiler UnityShaderCompiler.exe after 0.08 seconds
Refreshing native plugins compatible for Editor in 1.40 ms, found 2 plugins.
Preloading 0 native plugins for Editor in 0.00 ms.
Unloading 1888 Unused Serialized files (Serialized files now loaded: 0)
System memory in use before: 96.4 MB.
System memory in use after: 96.5 MB.

Unloading 17 unused Assets to reduce memory usage. Loaded Objects now: 2335.
Total: 3.008200 ms (FindLiveObjects: 0.160500 ms CreateObjectMapping: 0.084700 ms MarkObjects: 2.656300 ms  DeleteObjects: 0.105300 ms)

AssetImportParameters requested are different than current active one (requested -> active):
  custom:framework-win-MediaFoundation: 216162199b28c13a410421893ffa2e32 -> 
  custom:video-decoder-ogg-theora: a1e56fd34408186e4bbccfd4996cb3dc -> 
  custom:container-muxer-webm: aa71ff27fc2769a1b78a27578f13a17b -> 
  custom:container-demuxer-webm: 4f35f7cbe854078d1ac9338744f61a02 -> 
  custom:container-demuxer-ogg: 62fdf1f143b41e24485cea50d1cbac27 -> 
  custom:video-encoder-webm-vp8: eb34c28f22e8b96e1ab97ce403110664 -> 
  custom:video-decoder-webm-vp8: 9c59270c3fd7afecdb556c50c9e8de78 -> 
  custom:audio-decoder-ogg-vorbis: bf7c407c2cedff20999df2af8eb42d56 -> 
  custom:audio-encoder-webm-vorbis: bf7c407c2cedff20999df2af8eb42d56 -> 
========================================================================
Received Import Request.
  path: Assets/Qarry.fbx
  artifactKey: Guid(5f20242a9c492a845adfe31dc3b03779) Importer(815301076,1909f56bfc062723c751e8b465ee728b)
Start importing Assets/Qarry.fbx using Guid(5f20242a9c492a845adfe31dc3b03779) Importer(815301076,1909f56bfc062723c751e8b465ee728b)  -> (artifact id: '66d706e12f0417692c3f313fc5ffc98e') in 0.271204 seconds 
  Import took 0.274695 seconds .

========================================================================
Received Import Request.
  Time since last request: 0.000429 seconds.
  path: Assets/GreyMooreTechLogo.png
  artifactKey: Guid(8880888de2579d541ba1f48818645b4e) Importer(815301076,1909f56bfc062723c751e8b465ee728b)
Start importing Assets/GreyMooreTechLogo.png using Guid(8880888de2579d541ba1f48818645b4e) Importer(815301076,1909f56bfc062723c751e8b465ee728b)  -> (artifact id: 'ef2a4705943fe7101a6e31ba5f21dc22') in 0.060444 seconds 
  Import took 0.064129 seconds .

========================================================================
Received Import Request.
  Time since last request: 0.000161 seconds.
  path: Assets/GreyExitButton.png
  artifactKey: Guid(9203dd1fbb6e67a46b60ad2958ca21c9) Importer(815301076,1909f56bfc062723c751e8b465ee728b)
Start importing Assets/GreyExitButton.png using Guid(9203dd1fbb6e67a46b60ad2958ca21c9) Importer(815301076,1909f56bfc062723c751e8b465ee728b)  -> (artifact id: 'ad1ec60e6e249fb2726addca77a1901b') in 0.016114 seconds 
  Import took 0.019617 seconds .

========================================================================
Received Import Request.
  Time since last request: 0.000181 seconds.
  path: Assets/GreyCreditsButton.png
  artifactKey: Guid(ed5f1a7a90574a646a8046dfaa9d0e78) Importer(815301076,1909f56bfc062723c751e8b465ee728b)
Start importing Assets/GreyCreditsButton.png using Guid(ed5f1a7a90574a646a8046dfaa9d0e78) Importer(815301076,1909f56bfc062723c751e8b465ee728b)  -> (artifact id: '816aae1f3423515abb42279b94ebe707') in 0.017994 seconds 
  Import took 0.022777 seconds .

========================================================================
Received Import Request.
  Time since last request: 0.000229 seconds.
  path: Assets/GreySettingsButton.png
  artifactKey: Guid(7f01be62027eab8409064131e774a91f) Importer(815301076,1909f56bfc062723c751e8b465ee728b)
Start importing Assets/GreySettingsButton.png using Guid(7f01be62027eab8409064131e774a91f) Importer(815301076,1909f56bfc062723c751e8b465ee728b)  -> (artifact id: 'cd27a0324c5c5166deefeaf27ea0c68e') in 0.018208 seconds 
  Import took 0.029690 seconds .

========================================================================
Received Import Request.
  Time since last request: 0.000249 seconds.
  path: Assets/Final Boss v2.fbx
  artifactKey: Guid(7eee89748a5820d4a8a084af5e004d22) Importer(815301076,1909f56bfc062723c751e8b465ee728b)
Start importing Assets/Final Boss v2.fbx using Guid(7eee89748a5820d4a8a084af5e004d22) Importer(815301076,1909f56bfc062723c751e8b465ee728b)  -> (artifact id: '7cbd125a124d140577da86b8a4f1448e') in 0.155788 seconds 
  Import took 0.161203 seconds .

========================================================================
Received Import Request.
  Time since last request: 0.000179 seconds.
  path: Assets/Island v2 rock.fbx
  artifactKey: Guid(5916b7f339a33284fb47b296b58ff896) Importer(815301076,1909f56bfc062723c751e8b465ee728b)
Start importing Assets/Island v2 rock.fbx using Guid(5916b7f339a33284fb47b296b58ff896) Importer(815301076,1909f56bfc062723c751e8b465ee728b)  -> (artifact id: '021ddea6e7b550af2533a5577ab96139') in 0.044778 seconds 
  Import took 0.049217 seconds .

========================================================================
Received Import Request.
  Time since last request: 0.000179 seconds.
  path: Assets/Quarry.prefab
  artifactKey: Guid(b0720a305469f8a478f333a9ca8d1b28) Importer(815301076,1909f56bfc062723c751e8b465ee728b)
Start importing Assets/Quarry.prefab using Guid(b0720a305469f8a478f333a9ca8d1b28) Importer(815301076,1909f56bfc062723c751e8b465ee728b)  -> (artifact id: 'd85a8c61a8f83497d2fcf90069cd3396') in 0.092447 seconds 
  Import took 0.099879 seconds .

========================================================================
Received Import Request.
  Time since last request: 0.000185 seconds.
  path: Assets/Cylinder02.prefab
  artifactKey: Guid(599508717dbbb954f84ddd82b8f22dcf) Importer(815301076,1909f56bfc062723c751e8b465ee728b)
Start importing Assets/Cylinder02.prefab using Guid(599508717dbbb954f84ddd82b8f22dcf) Importer(815301076,1909f56bfc062723c751e8b465ee728b)  -> (artifact id: 'a5a78b2c1dfd0b6d4da89c5e41600b6a') in 0.029205 seconds 
  Import took 0.035842 seconds .

========================================================================
Received Import Request.
  Time since last request: 0.000291 seconds.
  path: Assets/Island2.fbx
  artifactKey: Guid(e193d95b8ea8bfa44844127714741864) Importer(815301076,1909f56bfc062723c751e8b465ee728b)
Start importing Assets/Island2.fbx using Guid(e193d95b8ea8bfa44844127714741864) Importer(815301076,1909f56bfc062723c751e8b465ee728b)  -> (artifact id: 'f98fd40ffa114e2af285dee8b908d02d') in 0.071197 seconds 
  Import took 0.076841 seconds .

========================================================================
Received Import Request.
  Time since last request: 0.000158 seconds.
  path: Assets/Laser Mat.mat
  artifactKey: Guid(7e59b5f67a653fd4ebf42504d789e932) Importer(815301076,1909f56bfc062723c751e8b465ee728b)
Start importing Assets/Laser Mat.mat using Guid(7e59b5f67a653fd4ebf42504d789e932) Importer(815301076,1909f56bfc062723c751e8b465ee728b)  -> (artifact id: 'a7214d454607884479ecf66dc536adbd') in 0.028078 seconds 
  Import took 0.034669 seconds .

========================================================================
Received Import Request.
  Time since last request: 0.000394 seconds.
  path: Assets/New Material 1.mat
  artifactKey: Guid(94184b6e9b31c5049b4541e1414b5b4d) Importer(815301076,1909f56bfc062723c751e8b465ee728b)
Start importing Assets/New Material 1.mat using Guid(94184b6e9b31c5049b4541e1414b5b4d) Importer(815301076,1909f56bfc062723c751e8b465ee728b)  -> (artifact id: 'b271ec317bd7e938f8beccfa7ae1c61b') in 0.019765 seconds 
  Import took 0.026863 seconds .

========================================================================
Received Import Request.
  Time since last request: 0.000267 seconds.
  path: Assets/New Material.mat
  artifactKey: Guid(32120d4566589344e82edb0144321045) Importer(815301076,1909f56bfc062723c751e8b465ee728b)
Start importing Assets/New Material.mat using Guid(32120d4566589344e82edb0144321045) Importer(815301076,1909f56bfc062723c751e8b465ee728b)  -> (artifact id: 'f06eea0e27017b41addddb89971baf16') in 0.023000 seconds 
  Import took 0.030356 seconds .

========================================================================
Received Import Request.
  Time since last request: 0.000260 seconds.
  path: Assets/Battery Charger.prefab
  artifactKey: Guid(56669e41ee93c3e418edf3ae17a4bb2c) Importer(815301076,1909f56bfc062723c751e8b465ee728b)
Start importing Assets/Battery Charger.prefab using Guid(56669e41ee93c3e418edf3ae17a4bb2c) Importer(815301076,1909f56bfc062723c751e8b465ee728b)  -> (artifact id: 'd48cbbd33f9a950d06ad31b663154d82') in 0.026764 seconds 
  Import took 0.031587 seconds .

========================================================================
Received Import Request.
  Time since last request: 0.000217 seconds.
  path: Assets/Factory Island.prefab
  artifactKey: Guid(2cecc851e786c0640be12cac6df898ef) Importer(815301076,1909f56bfc062723c751e8b465ee728b)
Start importing Assets/Factory Island.prefab using Guid(2cecc851e786c0640be12cac6df898ef) Importer(815301076,1909f56bfc062723c751e8b465ee728b)  -> (artifact id: 'e6ca1017a0611cc44f90a10b4d56d9c1') in 0.071414 seconds 
  Import took 0.081320 seconds .

========================================================================
Received Import Request.
  Time since last request: 0.000274 seconds.
  path: Assets/GreyPlayButton.png
  artifactKey: Guid(7a70b941494d4b8459d3fdc633c36a55) Importer(815301076,1909f56bfc062723c751e8b465ee728b)
Start importing Assets/GreyPlayButton.png using Guid(7a70b941494d4b8459d3fdc633c36a55) Importer(815301076,1909f56bfc062723c751e8b465ee728b)  -> (artifact id: 'b2e748de04ff018f8e607744af81f229') in 0.015641 seconds 
  Import took 0.021130 seconds .

========================================================================
Received Import Request.
  Time since last request: 0.000222 seconds.
  path: Assets/Hologram.mat
  artifactKey: Guid(72e8cf91fead39d41bccbeeb4337d43e) Importer(815301076,1909f56bfc062723c751e8b465ee728b)
Start importing Assets/Hologram.mat using Guid(72e8cf91fead39d41bccbeeb4337d43e) Importer(815301076,1909f56bfc062723c751e8b465ee728b)  -> (artifact id: 'a69d3c3c1d7863f04e9280f9b4fce7ec') in 0.027259 seconds 
  Import took 0.034000 seconds .

========================================================================
Received Import Request.
  Time since last request: 0.000207 seconds.
  path: Assets/Launch Tower.fbx
  artifactKey: Guid(5920567dc8f6ea9438b5b49a3b879bf8) Importer(815301076,1909f56bfc062723c751e8b465ee728b)
Start importing Assets/Launch Tower.fbx using Guid(5920567dc8f6ea9438b5b49a3b879bf8) Importer(815301076,1909f56bfc062723c751e8b465ee728b)  -> (artifact id: 'ffc12a72935059cd72ad130db1a94822') in 0.069849 seconds 
  Import took 0.075076 seconds .

========================================================================
Received Import Request.
  Time since last request: 0.000180 seconds.
  path: Assets/Island v2.fbx
  artifactKey: Guid(5121557a613f03f40958e333fe753166) Importer(815301076,1909f56bfc062723c751e8b465ee728b)
Start importing Assets/Island v2.fbx using Guid(5121557a613f03f40958e333fe753166) Importer(815301076,1909f56bfc062723c751e8b465ee728b)  -> (artifact id: '8505450101a63a42b625d3f936ad7d8b') in 0.167636 seconds 
  Import took 0.174273 seconds .

========================================================================
Received Import Request.
  Time since last request: 0.000204 seconds.
  path: Assets/GreyLogo.png
  artifactKey: Guid(765048b3b5712cc4b90263a4782226ae) Importer(815301076,1909f56bfc062723c751e8b465ee728b)
Start importing Assets/GreyLogo.png using Guid(765048b3b5712cc4b90263a4782226ae) Importer(815301076,1909f56bfc062723c751e8b465ee728b)  -> (artifact id: '0234b406c377a2675dcc71dc856c4796') in 0.016016 seconds 
  Import took 0.019555 seconds .

========================================================================
Received Import Request.
  Time since last request: 0.000170 seconds.
  path: Assets/GreyUI.png
  artifactKey: Guid(2886a4b98bf322f4ba70cd9e8c454124) Importer(815301076,1909f56bfc062723c751e8b465ee728b)
Start importing Assets/GreyUI.png using Guid(2886a4b98bf322f4ba70cd9e8c454124) Importer(815301076,1909f56bfc062723c751e8b465ee728b)  -> (artifact id: '2391bfba9c77593db2cf12967cdf44b6') in 0.073669 seconds 
  Import took 0.077819 seconds .

========================================================================
Received Import Request.
  Time since last request: 0.000199 seconds.
  path: Assets/Shield Cannon.fbx
  artifactKey: Guid(d446ad344c25f204ea8f4d76ef231b85) Importer(815301076,1909f56bfc062723c751e8b465ee728b)
Start importing Assets/Shield Cannon.fbx using Guid(d446ad344c25f204ea8f4d76ef231b85) Importer(815301076,1909f56bfc062723c751e8b465ee728b)  -> (artifact id: '0dda375534df80e2c9b2dabd1bb6843c') in 0.051327 seconds 
  Import took 0.060019 seconds .

========================================================================
Received Import Request.
  Time since last request: 1.329861 seconds.
  path: Assets/Scripts/Companion.cs
  artifactKey: Guid(8d8b03c844480cc48bef66821f9b4010) Importer(815301076,1909f56bfc062723c751e8b465ee728b)
Start importing Assets/Scripts/Companion.cs using Guid(8d8b03c844480cc48bef66821f9b4010) Importer(815301076,1909f56bfc062723c751e8b465ee728b)  -> (artifact id: '77c6dfe7a873696527578a8b56f4124d') in 0.016856 seconds 
  Import took 0.021568 seconds .

========================================================================
Received Prepare
Registering precompiled user dll's ...
Registered in 0.004490 seconds.
Begin MonoManager ReloadAssembly
Native extension for WindowsStandalone target not found
Native extension for WebGL target not found
Refreshing native plugins compatible for Editor in 0.59 ms, found 2 plugins.
Preloading 0 native plugins for Editor in 0.00 ms.
Mono: successfully reloaded assembly
- Completed reload, in  1.151 seconds
Domain Reload Profiling:
	ReloadAssembly (1153ms)
		BeginReloadAssembly (189ms)
			ExecutionOrderSort (0ms)
			DisableScriptedObjects (9ms)
			BackupInstance (0ms)
			ReleaseScriptingObjects (0ms)
			CreateAndSetChildDomain (64ms)
		EndReloadAssembly (899ms)
			LoadAssemblies (96ms)
			RebuildTransferFunctionScriptingTraits (0ms)
			SetupTypeCache (313ms)
			ReleaseScriptCaches (1ms)
			RebuildScriptCaches (52ms)
			SetupLoadedEditorAssemblies (328ms)
				LogAssemblyErrors (0ms)
				InitializePlatformSupportModulesInManaged (6ms)
				SetLoadedEditorAssemblies (1ms)
				RefreshPlugins (1ms)
				BeforeProcessingInitializeOnLoad (92ms)
				ProcessInitializeOnLoadAttributes (220ms)
				ProcessInitializeOnLoadMethodAttributes (3ms)
				AfterProcessingInitializeOnLoad (5ms)
				EditorAssembliesLoaded (0ms)
			ExecutionOrderSort2 (0ms)
			AwakeInstancesAfterBackupRestoration (7ms)
Platform modules already initialized, skipping
Refreshing native plugins compatible for Editor in 0.59 ms, found 2 plugins.
Preloading 0 native plugins for Editor in 0.00 ms.
Unloading 1854 Unused Serialized files (Serialized files now loaded: 0)
System memory in use before: 97.4 MB.
System memory in use after: 97.5 MB.

Unloading 13 unused Assets to reduce memory usage. Loaded Objects now: 2386.
Total: 2.972100 ms (FindLiveObjects: 0.182900 ms CreateObjectMapping: 0.075900 ms MarkObjects: 2.632800 ms  DeleteObjects: 0.079400 ms)

AssetImportParameters requested are different than current active one (requested -> active):
  custom:framework-win-MediaFoundation: 216162199b28c13a410421893ffa2e32 -> 
  custom:video-decoder-ogg-theora: a1e56fd34408186e4bbccfd4996cb3dc -> 
  custom:container-muxer-webm: aa71ff27fc2769a1b78a27578f13a17b -> 
  custom:container-demuxer-webm: 4f35f7cbe854078d1ac9338744f61a02 -> 
  custom:container-demuxer-ogg: 62fdf1f143b41e24485cea50d1cbac27 -> 
  custom:video-encoder-webm-vp8: eb34c28f22e8b96e1ab97ce403110664 -> 
  custom:video-decoder-webm-vp8: 9c59270c3fd7afecdb556c50c9e8de78 -> 
  custom:audio-decoder-ogg-vorbis: bf7c407c2cedff20999df2af8eb42d56 -> 
  custom:audio-encoder-webm-vorbis: bf7c407c2cedff20999df2af8eb42d56 -> 
========================================================================
Received Import Request.
  Time since last request: 217.090682 seconds.
  path: Assets/Scripts/Companion.cs
  artifactKey: Guid(8d8b03c844480cc48bef66821f9b4010) Importer(815301076,1909f56bfc062723c751e8b465ee728b)
Start importing Assets/Scripts/Companion.cs using Guid(8d8b03c844480cc48bef66821f9b4010) Importer(815301076,1909f56bfc062723c751e8b465ee728b)  -> (artifact id: '5389ad719eceebdcc1b1e958b5aa7ae2') in 0.049686 seconds 
  Import took 0.069012 seconds .

========================================================================
Received Prepare
Registering precompiled user dll's ...
Registered in 0.005511 seconds.
Begin MonoManager ReloadAssembly
Native extension for WindowsStandalone target not found
Native extension for WebGL target not found
Refreshing native plugins compatible for Editor in 0.57 ms, found 2 plugins.
Preloading 0 native plugins for Editor in 0.00 ms.
Mono: successfully reloaded assembly
- Completed reload, in  1.070 seconds
Domain Reload Profiling:
	ReloadAssembly (1070ms)
		BeginReloadAssembly (120ms)
			ExecutionOrderSort (0ms)
			DisableScriptedObjects (5ms)
			BackupInstance (0ms)
			ReleaseScriptingObjects (0ms)
			CreateAndSetChildDomain (34ms)
		EndReloadAssembly (869ms)
			LoadAssemblies (92ms)
			RebuildTransferFunctionScriptingTraits (0ms)
			SetupTypeCache (302ms)
			ReleaseScriptCaches (1ms)
			RebuildScriptCaches (48ms)
			SetupLoadedEditorAssemblies (317ms)
				LogAssemblyErrors (0ms)
				InitializePlatformSupportModulesInManaged (6ms)
				SetLoadedEditorAssemblies (0ms)
				RefreshPlugins (1ms)
				BeforeProcessingInitializeOnLoad (89ms)
				ProcessInitializeOnLoadAttributes (213ms)
				ProcessInitializeOnLoadMethodAttributes (3ms)
				AfterProcessingInitializeOnLoad (5ms)
				EditorAssembliesLoaded (0ms)
			ExecutionOrderSort2 (0ms)
			AwakeInstancesAfterBackupRestoration (7ms)
Platform modules already initialized, skipping
Refreshing native plugins compatible for Editor in 0.59 ms, found 2 plugins.
Preloading 0 native plugins for Editor in 0.00 ms.
Unloading 1854 Unused Serialized files (Serialized files now loaded: 0)
System memory in use before: 97.4 MB.
System memory in use after: 97.5 MB.

Unloading 12 unused Assets to reduce memory usage. Loaded Objects now: 2388.
Total: 2.952900 ms (FindLiveObjects: 0.190200 ms CreateObjectMapping: 0.084800 ms MarkObjects: 2.606400 ms  DeleteObjects: 0.070500 ms)

AssetImportParameters requested are different than current active one (requested -> active):
  custom:framework-win-MediaFoundation: 216162199b28c13a410421893ffa2e32 -> 
  custom:video-decoder-ogg-theora: a1e56fd34408186e4bbccfd4996cb3dc -> 
  custom:container-muxer-webm: aa71ff27fc2769a1b78a27578f13a17b -> 
  custom:container-demuxer-webm: 4f35f7cbe854078d1ac9338744f61a02 -> 
  custom:container-demuxer-ogg: 62fdf1f143b41e24485cea50d1cbac27 -> 
  custom:video-encoder-webm-vp8: eb34c28f22e8b96e1ab97ce403110664 -> 
  custom:video-decoder-webm-vp8: 9c59270c3fd7afecdb556c50c9e8de78 -> 
  custom:audio-decoder-ogg-vorbis: bf7c407c2cedff20999df2af8eb42d56 -> 
  custom:audio-encoder-webm-vorbis: bf7c407c2cedff20999df2af8eb42d56 -> 
========================================================================
Received Prepare
Refreshing native plugins compatible for Editor in 2.71 ms, found 2 plugins.
Preloading 0 native plugins for Editor in 0.00 ms.
Unloading 10 Unused Serialized files (Serialized files now loaded: 0)
System memory in use before: 61.0 MB.
System memory in use after: 61.1 MB.

Unloading 10 unused Assets to reduce memory usage. Loaded Objects now: 2388.
Total: 3.920900 ms (FindLiveObjects: 0.251600 ms CreateObjectMapping: 0.081800 ms MarkObjects: 3.488900 ms  DeleteObjects: 0.097500 ms)

AssetImportParameters requested are different than current active one (requested -> active):
  custom:framework-win-MediaFoundation: 216162199b28c13a410421893ffa2e32 -> 
  custom:video-decoder-ogg-theora: a1e56fd34408186e4bbccfd4996cb3dc -> 
  custom:container-muxer-webm: aa71ff27fc2769a1b78a27578f13a17b -> 
  custom:container-demuxer-webm: 4f35f7cbe854078d1ac9338744f61a02 -> 
  custom:container-demuxer-ogg: 62fdf1f143b41e24485cea50d1cbac27 -> 
  custom:video-encoder-webm-vp8: eb34c28f22e8b96e1ab97ce403110664 -> 
  custom:video-decoder-webm-vp8: 9c59270c3fd7afecdb556c50c9e8de78 -> 
  custom:audio-decoder-ogg-vorbis: bf7c407c2cedff20999df2af8eb42d56 -> 
  custom:audio-encoder-webm-vorbis: bf7c407c2cedff20999df2af8eb42d56 -> 
AssetImportWorkerClient::OnTransportError - code=2 error=End of file
